2022.04.12 18:10:00 INFO  tracing is disabled for protocol LSP, to enable tracing of incoming and outgoing JSON messages create an empty file at /home/adeye/Documents/EPFL/MA2/Systems/Assignment/task2/.metals/lsp.trace.json or /home/adeye/.cache/metals/lsp.trace.json[0m
2022.04.12 18:10:01 INFO  logging to file /home/adeye/Documents/EPFL/MA2/Systems/Assignment/task2/.metals/metals.log[0m
2022.04.12 18:10:01 INFO  Started: Metals version 0.11.2 in workspace '/home/adeye/Documents/EPFL/MA2/Systems/Assignment/task2' for client Visual Studio Code 1.66.1.[0m
2022.04.12 18:10:01 INFO  Parse release: 11.0.14.1[0m
2022.04.12 18:10:03 INFO  time: initialize in 2.17s[0m
2022.04.12 18:10:06 INFO  Attempting to connect to the build server...[0m
Apr 12, 2022 6:10:08 PM org.eclipse.lsp4j.jsonrpc.RemoteEndpoint handleCancellation
WARNING: Unmatched cancel notification for request id 1
Apr 12, 2022 6:10:08 PM org.eclipse.lsp4j.jsonrpc.RemoteEndpoint handleCancellation
WARNING: Unmatched cancel notification for request id 6
2022.04.12 18:10:08 INFO  tracing is disabled for protocol BSP, to enable tracing of incoming and outgoing JSON messages create an empty file at /home/adeye/Documents/EPFL/MA2/Systems/Assignment/task2/.metals/bsp.trace.json or /home/adeye/.cache/metals/bsp.trace.json[0m
2022.04.12 18:10:08 INFO  Attempting to connect to the build server...[0m
2022.04.12 18:10:08 INFO  tracing is disabled for protocol BSP, to enable tracing of incoming and outgoing JSON messages create an empty file at /home/adeye/Documents/EPFL/MA2/Systems/Assignment/task2/project/.metals/bsp.trace.json or /home/adeye/.cache/metals/bsp.trace.json[0m
2022.04.12 18:10:08 INFO  time: Connected to build server in 2.95s[0m
2022.04.12 18:10:08 INFO  Connected to Build server: Bloop v1.4.13[0m
2022.04.12 18:10:10 INFO  no build target found for /home/adeye/Documents/EPFL/MA2/Systems/Assignment/task2/src/main/scala/Node.scala. Using presentation compiler with project's scala-library version: 3.1.1[0m
2022.04.12 18:10:10 INFO  time: code lens generation in 2.33s[0m
2022.04.12 18:10:11 INFO  no build target found for /home/adeye/Documents/EPFL/MA2/Systems/Assignment/task2/src/main/scala/Task2.scala. Using presentation compiler with project's scala-library version: 3.1.1[0m
2022.04.12 18:10:12 INFO  time: code lens generation in 4.78s[0m
2022.04.12 18:10:12 INFO  time: code lens generation in 4.78s[0m
2022.04.12 18:10:13 INFO  time: code lens generation in 5.2s[0m
2022.04.12 18:10:14 WARN  Could not find java sources in /usr/lib/jvm/src.zip, /usr/lib/jvm/lib/src.zip, /usr/lib/jvm/java-11-openjdk-amd64/src.zip, /usr/lib/jvm/java-11-openjdk-amd64/lib/src.zip. Java symbols will not be available.[0m
2022.04.12 18:10:16 INFO  time: indexed workspace in 6.09s[0m
2022.04.12 18:12:25 INFO  compiling task2 (1 scala source)[0m
2022.04.12 18:12:28 INFO  time: compiled task2 in 3.31s[0m
2022.04.12 18:12:55 INFO  compiling task2 (1 scala source)[0m
2022.04.12 18:12:56 INFO  time: compiled task2 in 1.41s[0m
2022.04.12 18:13:13 INFO  compiling task2 (1 scala source)[0m
2022.04.12 18:13:13 WARN  Could not load snapshot text for /home/adeye/Documents/EPFL/MA2/Systems/Assignment/task2/src/main/scala/Task2.scala[0m
2022.04.12 18:13:13 WARN  Could not load snapshot text for /home/adeye/Documents/EPFL/MA2/Systems/Assignment/task2/src/main/scala/Task2.scala[0m
2022.04.12 18:13:14 INFO  time: compiled task2 in 1.3s[0m
2022.04.12 18:13:27 INFO  compiling task2 (1 scala source)[0m
2022.04.12 18:13:27 INFO  time: compiled task2 in 0.93s[0m
2022.04.12 18:13:46 INFO  compiling task2 (1 scala source)[0m
2022.04.12 18:13:46 INFO  time: compiled task2 in 0.9s[0m
2022.04.12 18:14:16 INFO  compiling task2 (1 scala source)[0m
2022.04.12 18:14:16 INFO  time: compiled task2 in 0.81s[0m
2022.04.12 18:14:34 INFO  compiling task2 (1 scala source)[0m
2022.04.12 18:14:34 INFO  time: compiled task2 in 0.88s[0m
2022.04.12 18:14:51 INFO  compiling task2 (1 scala source)[0m
2022.04.12 18:14:51 INFO  time: compiled task2 in 0.82s[0m
2022.04.12 18:15:27 INFO  compiling task2 (1 scala source)[0m
2022.04.12 18:15:27 INFO  time: compiled task2 in 0.78s[0m
2022.04.12 18:15:41 INFO  compiling task2 (1 scala source)[0m
2022.04.12 18:15:41 INFO  time: compiled task2 in 0.87s[0m
2022.04.13 10:09:36 INFO  shutting down Metals[0m
2022.04.13 10:09:36 ERROR Unexpected error initializing server
org.eclipse.lsp4j.jsonrpc.ResponseErrorException: Request window/showMessageRequest failed with message: Canceled
	at org.eclipse.lsp4j.jsonrpc.RemoteEndpoint.handleResponse(RemoteEndpoint.java:209)
	at org.eclipse.lsp4j.jsonrpc.RemoteEndpoint.consume(RemoteEndpoint.java:193)
	at org.eclipse.lsp4j.jsonrpc.json.StreamMessageProducer.handleMessage(StreamMessageProducer.java:194)
	at org.eclipse.lsp4j.jsonrpc.json.StreamMessageProducer.listen(StreamMessageProducer.java:94)
	at org.eclipse.lsp4j.jsonrpc.json.ConcurrentMessageProcessor.run(ConcurrentMessageProcessor.java:113)
	at java.util.concurrent.Executors$RunnableAdapter.call(Executors.java:515)
	at java.util.concurrent.FutureTask.run(FutureTask.java:264)
	at java.util.concurrent.ThreadPoolExecutor.runWorker(ThreadPoolExecutor.java:1128)
	at java.util.concurrent.ThreadPoolExecutor$Worker.run(ThreadPoolExecutor.java:628)
	at java.lang.Thread.run(Thread.java:829)
[0m
java.util.concurrent.RejectedExecutionException: Task scala.concurrent.impl.CallbackRunnable@71032306 rejected from java.util.concurrent.ThreadPoolExecutor@55adde46[Shutting down, pool size = 5, active threads = 4, queued tasks = 0, completed tasks = 4411]
	at java.base/java.util.concurrent.ThreadPoolExecutor$AbortPolicy.rejectedExecution(ThreadPoolExecutor.java:2055)
	at java.base/java.util.concurrent.ThreadPoolExecutor.reject(ThreadPoolExecutor.java:825)
	at java.base/java.util.concurrent.ThreadPoolExecutor.execute(ThreadPoolExecutor.java:1355)
	at scala.concurrent.impl.ExecutionContextImpl$$anon$4.execute(ExecutionContextImpl.scala:138)
	at scala.concurrent.impl.CallbackRunnable.executeWithValue(Promise.scala:72)
	at scala.concurrent.impl.Promise$DefaultPromise.$anonfun$tryComplete$1(Promise.scala:288)
	at scala.concurrent.impl.Promise$DefaultPromise.$anonfun$tryComplete$1$adapted(Promise.scala:288)
	at scala.concurrent.impl.Promise$DefaultPromise.tryComplete(Promise.scala:288)
	at scala.concurrent.Promise.complete(Promise.scala:53)
	at scala.concurrent.Promise.complete$(Promise.scala:52)
	at scala.concurrent.impl.Promise$DefaultPromise.complete(Promise.scala:187)
	at scala.concurrent.impl.Promise.$anonfun$transform$1(Promise.scala:33)
	at scala.concurrent.impl.CallbackRunnable.run(Promise.scala:64)
	at java.base/java.util.concurrent.ThreadPoolExecutor.runWorker(ThreadPoolExecutor.java:1128)
	at java.base/java.util.concurrent.ThreadPoolExecutor$Worker.run(ThreadPoolExecutor.java:628)
	at java.base/java.lang.Thread.run(Thread.java:829)
Apr 13, 2022 10:09:36 AM org.eclipse.lsp4j.jsonrpc.json.StreamMessageProducer fireStreamClosed
INFO: The input stream was closed.
java.nio.channels.ClosedByInterruptException
	at java.base/java.nio.channels.spi.AbstractInterruptibleChannel.end(AbstractInterruptibleChannel.java:199)
	at java.base/sun.nio.ch.SourceChannelImpl.endRead(SourceChannelImpl.java:241)
	at java.base/sun.nio.ch.SourceChannelImpl.read(SourceChannelImpl.java:259)
	at java.base/sun.nio.ch.ChannelInputStream.read(ChannelInputStream.java:59)
	at java.base/sun.nio.ch.ChannelInputStream.read(ChannelInputStream.java:107)
	at java.base/sun.nio.ch.ChannelInputStream.read(ChannelInputStream.java:101)
	at java.base/java.io.InputStream.read(InputStream.java:205)
	at java.base/sun.nio.ch.ChannelInputStream.read(ChannelInputStream.java:81)
	at org.eclipse.lsp4j.jsonrpc.json.StreamMessageProducer.listen(StreamMessageProducer.java:79)
	at org.eclipse.lsp4j.jsonrpc.json.ConcurrentMessageProcessor.run(ConcurrentMessageProcessor.java:113)
	at java.base/java.util.concurrent.Executors$RunnableAdapter.call(Executors.java:515)
	at java.base/java.util.concurrent.FutureTask.run(FutureTask.java:264)
	at java.base/java.util.concurrent.ThreadPoolExecutor.runWorker(ThreadPoolExecutor.java:1128)
	at java.base/java.util.concurrent.ThreadPoolExecutor$Worker.run(ThreadPoolExecutor.java:628)
	at java.base/java.lang.Thread.run(Thread.java:829)

Apr 13, 2022 10:09:36 AM org.eclipse.lsp4j.jsonrpc.json.StreamMessageProducer fireStreamClosed
INFO: The input stream was closed.
java.nio.channels.ClosedByInterruptException
	at java.base/java.nio.channels.spi.AbstractInterruptibleChannel.end(AbstractInterruptibleChannel.java:199)
	at java.base/sun.nio.ch.SourceChannelImpl.endRead(SourceChannelImpl.java:241)
	at java.base/sun.nio.ch.SourceChannelImpl.read(SourceChannelImpl.java:259)
	at java.base/sun.nio.ch.ChannelInputStream.read(ChannelInputStream.java:59)
	at java.base/sun.nio.ch.ChannelInputStream.read(ChannelInputStream.java:107)
	at java.base/sun.nio.ch.ChannelInputStream.read(ChannelInputStream.java:101)
	at java.base/java.io.InputStream.read(InputStream.java:205)
	at java.base/sun.nio.ch.ChannelInputStream.read(ChannelInputStream.java:81)
	at org.eclipse.lsp4j.jsonrpc.json.StreamMessageProducer.listen(StreamMessageProducer.java:79)
	at org.eclipse.lsp4j.jsonrpc.json.ConcurrentMessageProcessor.run(ConcurrentMessageProcessor.java:113)
	at java.base/java.util.concurrent.Executors$RunnableAdapter.call(Executors.java:515)
	at java.base/java.util.concurrent.FutureTask.run(FutureTask.java:264)
	at java.base/java.util.concurrent.ThreadPoolExecutor.runWorker(ThreadPoolExecutor.java:1128)
	at java.base/java.util.concurrent.ThreadPoolExecutor$Worker.run(ThreadPoolExecutor.java:628)
	at java.base/java.lang.Thread.run(Thread.java:829)

2022.04.13 12:32:09 INFO  tracing is disabled for protocol LSP, to enable tracing of incoming and outgoing JSON messages create an empty file at /home/adeye/Documents/EPFL/MA2/Systems/Assignment/task2/.metals/lsp.trace.json or /home/adeye/.cache/metals/lsp.trace.json[0m
2022.04.13 12:32:10 INFO  logging to file /home/adeye/Documents/EPFL/MA2/Systems/Assignment/task2/.metals/metals.log[0m
2022.04.13 12:32:10 INFO  Started: Metals version 0.11.2 in workspace '/home/adeye/Documents/EPFL/MA2/Systems/Assignment/task2' for client Visual Studio Code 1.66.2.[0m
2022.04.13 12:32:10 INFO  Parse release: 11.0.14.1[0m
2022.04.13 12:32:12 INFO  time: initialize in 1.94s[0m
2022.04.13 12:32:12 INFO  Attempting to connect to the build server...[0m
2022.04.13 12:32:12 INFO  skipping build import with status 'Requested'[0m
2022.04.13 12:32:12 INFO  tracing is disabled for protocol BSP, to enable tracing of incoming and outgoing JSON messages create an empty file at /home/adeye/Documents/EPFL/MA2/Systems/Assignment/task2/.metals/bsp.trace.json or /home/adeye/.cache/metals/bsp.trace.json[0m
2022.04.13 12:32:12 INFO  Attempting to connect to the build server...[0m
2022.04.13 12:32:12 INFO  tracing is disabled for protocol BSP, to enable tracing of incoming and outgoing JSON messages create an empty file at /home/adeye/Documents/EPFL/MA2/Systems/Assignment/task2/project/.metals/bsp.trace.json or /home/adeye/.cache/metals/bsp.trace.json[0m
2022.04.13 12:32:12 INFO  time: Connected to build server in 0.32s[0m
2022.04.13 12:32:12 INFO  Connected to Build server: Bloop v1.4.13[0m
2022.04.13 12:32:15 WARN  Could not find java sources in /usr/lib/jvm/src.zip, /usr/lib/jvm/lib/src.zip, /usr/lib/jvm/java-11-openjdk-amd64/src.zip, /usr/lib/jvm/java-11-openjdk-amd64/lib/src.zip. Java symbols will not be available.[0m
2022.04.13 12:32:15 INFO  time: indexed workspace in 2.8s[0m
2022.04.13 12:33:46 INFO  compiling task2 (1 scala source)[0m
2022.04.13 12:33:47 INFO  time: compiled task2 in 1.7s[0m
Apr 13, 2022 12:34:05 PM org.eclipse.lsp4j.jsonrpc.RemoteEndpoint handleCancellation
WARNING: Unmatched cancel notification for request id 45
2022.04.13 12:34:18 INFO  compiling task2 (1 scala source)[0m
2022.04.13 12:34:19 INFO  time: compiled task2 in 1.16s[0m
2022.04.13 12:35:56 INFO  compiling task2 (1 scala source)[0m
2022.04.13 12:35:56 INFO  time: compiled task2 in 0.22s[0m
2022.04.13 12:46:10 INFO  compiling task2 (1 scala source)[0m
2022.04.13 12:46:10 INFO  time: compiled task2 in 0.21s[0m
2022.04.13 12:46:40 INFO  compiling task2 (2 scala sources)[0m
2022.04.13 12:46:40 INFO  time: compiled task2 in 0.25s[0m
2022.04.13 12:46:52 INFO  compiling task2 (2 scala sources)[0m
2022.04.13 12:46:52 INFO  time: compiled task2 in 0.96s[0m
2022.04.13 12:48:06 INFO  compiling task2 (1 scala source)[0m
2022.04.13 12:48:06 INFO  time: compiled task2 in 0.73s[0m
2022.04.13 12:48:20 INFO  compiling task2 (1 scala source)[0m
2022.04.13 12:48:20 INFO  time: compiled task2 in 0.79s[0m
2022.04.13 12:52:06 INFO  compiling task2 (1 scala source)[0m
2022.04.13 12:52:06 INFO  time: compiled task2 in 0.84s[0m
2022.04.13 12:53:07 INFO  compiling task2 (1 scala source)[0m
2022.04.13 12:53:07 INFO  time: compiled task2 in 0.82s[0m
2022.04.13 12:53:44 INFO  compiling task2 (1 scala source)[0m
2022.04.13 12:53:44 INFO  time: compiled task2 in 0.74s[0m
2022.04.13 12:53:52 INFO  compiling task2 (1 scala source)[0m
2022.04.13 12:53:52 INFO  time: compiled task2 in 0.75s[0m
2022.04.13 12:54:24 INFO  compiling task2 (1 scala source)[0m
2022.04.13 12:54:24 INFO  time: compiled task2 in 0.18s[0m
Apr 13, 2022 12:54:24 PM scala.meta.internal.pc.CompilerAccess scala$meta$internal$pc$CompilerAccess$$retryWithCleanCompiler
INFO: compiler crashed due to an error in the Scala compiler, retrying with new compiler instance.
2022.04.13 12:54:28 INFO  compiling task2 (1 scala source)[0m
2022.04.13 12:54:28 INFO  time: compiled task2 in 0.78s[0m
2022.04.13 12:54:45 INFO  compiling task2 (1 scala source)[0m
2022.04.13 12:54:45 WARN  Could not load snapshot text for /home/adeye/Documents/EPFL/MA2/Systems/Assignment/task2/src/main/scala/Task2.scala[0m
2022.04.13 12:54:45 WARN  Could not load snapshot text for /home/adeye/Documents/EPFL/MA2/Systems/Assignment/task2/src/main/scala/Task2.scala[0m
2022.04.13 12:54:45 INFO  time: compiled task2 in 0.73s[0m
2022.04.13 12:55:17 INFO  compiling task2 (1 scala source)[0m
2022.04.13 12:55:17 INFO  time: compiled task2 in 0.72s[0m
2022.04.13 13:07:58 INFO  compiling task2 (1 scala source)[0m
2022.04.13 13:07:58 INFO  time: compiled task2 in 0.9s[0m
2022.04.13 13:08:20 INFO  compiling task2 (1 scala source)[0m
2022.04.13 13:08:20 INFO  time: compiled task2 in 0.7s[0m
2022.04.13 13:09:31 INFO  compiling task2 (1 scala source)[0m
2022.04.13 13:09:31 INFO  time: compiled task2 in 0.81s[0m
2022.04.13 13:09:39 INFO  compiling task2 (1 scala source)[0m
2022.04.13 13:09:40 INFO  time: compiled task2 in 1.2s[0m
2022.04.13 13:11:05 INFO  compiling task2 (1 scala source)[0m
2022.04.13 13:11:05 INFO  time: compiled task2 in 0.67s[0m
2022.04.13 13:12:54 INFO  compiling task2 (1 scala source)[0m
2022.04.13 13:12:54 INFO  time: compiled task2 in 0.75s[0m
2022.04.13 13:13:49 INFO  compiling task2 (1 scala source)[0m
2022.04.13 13:13:49 INFO  time: compiled task2 in 0.7s[0m
2022.04.13 13:14:59 INFO  compiling task2 (1 scala source)[0m
2022.04.13 13:14:59 INFO  time: compiled task2 in 0.7s[0m
2022.04.13 13:19:02 INFO  compiling task2 (1 scala source)[0m
2022.04.13 13:19:02 INFO  time: compiled task2 in 0.71s[0m
2022.04.13 13:19:24 INFO  compiling task2 (1 scala source)[0m
2022.04.13 13:19:24 INFO  time: compiled task2 in 0.6s[0m
2022.04.13 13:23:02 INFO  compiling task2 (1 scala source)[0m
2022.04.13 13:23:02 INFO  time: compiled task2 in 0.7s[0m
2022.04.13 13:23:55 INFO  compiling task2 (1 scala source)[0m
2022.04.13 13:23:55 INFO  time: compiled task2 in 0.12s[0m
2022.04.13 13:23:59 INFO  compiling task2 (1 scala source)[0m
2022.04.13 13:23:59 INFO  time: compiled task2 in 0.11s[0m
2022.04.13 13:24:16 INFO  compiling task2 (1 scala source)[0m
2022.04.13 13:24:16 INFO  time: compiled task2 in 0.74s[0m
2022.04.13 13:25:25 INFO  compiling task2 (1 scala source)[0m
2022.04.13 13:25:25 INFO  time: compiled task2 in 0.64s[0m
2022.04.13 13:27:35 INFO  compiling task2 (1 scala source)[0m
2022.04.13 13:27:35 INFO  time: compiled task2 in 0.7s[0m
2022.04.13 13:28:47 INFO  compiling task2 (1 scala source)[0m
2022.04.13 13:28:47 INFO  time: compiled task2 in 0.73s[0m
2022.04.13 13:35:24 INFO  compiling task2 (1 scala source)[0m
2022.04.13 13:35:24 WARN  Could not load snapshot text for /home/adeye/Documents/EPFL/MA2/Systems/Assignment/task2/src/main/scala/Task2.scala[0m
2022.04.13 13:35:24 WARN  Could not load snapshot text for /home/adeye/Documents/EPFL/MA2/Systems/Assignment/task2/src/main/scala/Task2.scala[0m
2022.04.13 13:35:24 INFO  time: compiled task2 in 0.58s[0m
2022.04.13 13:38:01 INFO  compiling task2 (1 scala source)[0m
2022.04.13 13:38:01 INFO  time: compiled task2 in 0.61s[0m
2022.04.13 13:38:46 INFO  compiling task2 (1 scala source)[0m
2022.04.13 13:38:46 INFO  time: compiled task2 in 0.55s[0m
2022.04.13 13:41:33 INFO  compiling task2 (1 scala source)[0m
2022.04.13 13:41:33 INFO  time: compiled task2 in 0.73s[0m
2022.04.13 13:52:01 INFO  compiling task2 (1 scala source)[0m
2022.04.13 13:52:01 INFO  time: compiled task2 in 0.56s[0m
2022.04.13 13:53:17 INFO  compiling task2 (1 scala source)[0m
2022.04.13 13:53:17 WARN  Could not load snapshot text for /home/adeye/Documents/EPFL/MA2/Systems/Assignment/task2/src/main/scala/Task2.scala[0m
2022.04.13 13:53:17 WARN  Could not load snapshot text for /home/adeye/Documents/EPFL/MA2/Systems/Assignment/task2/src/main/scala/Task2.scala[0m
2022.04.13 13:53:17 INFO  time: compiled task2 in 0.56s[0m
2022.04.13 13:55:10 INFO  compiling task2 (1 scala source)[0m
2022.04.13 13:55:10 INFO  time: compiled task2 in 0.56s[0m
2022.04.13 14:03:51 INFO  compiling task2 (1 scala source)[0m
2022.04.13 14:03:51 INFO  time: compiled task2 in 0.6s[0m
2022.04.13 14:04:32 INFO  compiling task2 (1 scala source)[0m
2022.04.13 14:04:32 INFO  time: compiled task2 in 0.57s[0m
2022.04.13 14:06:23 INFO  compiling task2 (1 scala source)[0m
2022.04.13 14:06:23 INFO  time: compiled task2 in 0.62s[0m
Apr 13, 2022 2:12:03 PM org.eclipse.lsp4j.jsonrpc.services.GenericEndpoint notify
INFO: Unsupported notification method: $/setTrace
2022.04.13 14:12:49 INFO  compiling task2 (1 scala source)[0m
2022.04.13 14:12:49 INFO  time: compiled task2 in 0.63s[0m
2022.04.13 14:12:52 INFO  compiling task2 (1 scala source)[0m
2022.04.13 14:12:52 INFO  time: compiled task2 in 0.74s[0m
2022.04.13 14:13:47 INFO  compiling task2 (1 scala source)[0m
2022.04.13 14:13:47 INFO  time: compiled task2 in 0.65s[0m
2022.04.13 14:21:48 INFO  compiling task2 (1 scala source)[0m
2022.04.13 14:21:48 INFO  time: compiled task2 in 0.67s[0m
2022.04.13 14:27:46 INFO  compiling task2 (1 scala source)[0m
2022.04.13 14:27:46 INFO  time: compiled task2 in 0.64s[0m
2022.04.13 14:32:53 INFO  compiling task2 (1 scala source)[0m
2022.04.13 14:32:53 INFO  time: compiled task2 in 0.63s[0m
2022.04.13 14:32:59 INFO  compiling task2 (1 scala source)[0m
2022.04.13 14:32:59 INFO  time: compiled task2 in 0.68s[0m
2022.04.13 14:33:33 INFO  compiling task2 (1 scala source)[0m
2022.04.13 14:33:33 INFO  time: compiled task2 in 0.6s[0m
2022.04.13 14:35:17 INFO  compiling task2 (1 scala source)[0m
2022.04.13 14:35:17 INFO  time: compiled task2 in 0.66s[0m
2022.04.13 14:37:36 INFO  compiling task2 (1 scala source)[0m
2022.04.13 14:37:36 INFO  time: compiled task2 in 66ms[0m
2022.04.13 14:38:16 INFO  compiling task2 (1 scala source)[0m
2022.04.13 14:38:16 INFO  time: compiled task2 in 0.64s[0m
2022.04.13 14:38:47 INFO  compiling task2 (1 scala source)[0m
2022.04.13 14:38:47 WARN  Could not load snapshot text for /home/adeye/Documents/EPFL/MA2/Systems/Assignment/task2/src/main/scala/Task2.scala[0m
2022.04.13 14:38:47 WARN  Could not load snapshot text for /home/adeye/Documents/EPFL/MA2/Systems/Assignment/task2/src/main/scala/Task2.scala[0m
2022.04.13 14:38:47 INFO  time: compiled task2 in 0.62s[0m
2022.04.13 14:40:21 INFO  compiling task2 (1 scala source)[0m
2022.04.13 14:40:21 INFO  time: compiled task2 in 0.64s[0m
2022.04.13 14:41:00 INFO  compiling task2 (1 scala source)[0m
2022.04.13 14:41:00 WARN  Could not load snapshot text for /home/adeye/Documents/EPFL/MA2/Systems/Assignment/task2/src/main/scala/Task2.scala[0m
2022.04.13 14:41:00 WARN  Could not load snapshot text for /home/adeye/Documents/EPFL/MA2/Systems/Assignment/task2/src/main/scala/Task2.scala[0m
2022.04.13 14:41:00 INFO  time: compiled task2 in 0.64s[0m
2022.04.13 14:41:27 INFO  compiling task2 (1 scala source)[0m
2022.04.13 14:41:27 INFO  time: compiled task2 in 0.68s[0m
2022.04.13 14:41:52 INFO  compiling task2 (1 scala source)[0m
2022.04.13 14:41:52 INFO  time: compiled task2 in 0.57s[0m
2022.04.13 14:42:01 INFO  compiling task2 (1 scala source)[0m
2022.04.13 14:42:01 INFO  time: compiled task2 in 0.6s[0m
2022.04.13 14:42:43 INFO  compiling task2 (1 scala source)[0m
2022.04.13 14:42:43 INFO  time: compiled task2 in 0.66s[0m
2022.04.13 14:43:11 INFO  compiling task2 (1 scala source)[0m
2022.04.13 14:43:11 INFO  time: compiled task2 in 0.88s[0m
2022.04.13 14:43:32 INFO  compiling task2 (1 scala source)[0m
2022.04.13 14:43:32 INFO  time: compiled task2 in 0.57s[0m
2022.04.13 14:44:23 INFO  compiling task2 (1 scala source)[0m
2022.04.13 14:44:23 INFO  time: compiled task2 in 0.62s[0m
2022.04.13 14:45:11 INFO  compiling task2 (1 scala source)[0m
2022.04.13 14:45:11 INFO  time: compiled task2 in 0.58s[0m
2022.04.13 14:45:27 INFO  compiling task2 (1 scala source)[0m
2022.04.13 14:45:27 INFO  time: compiled task2 in 0.58s[0m
2022.04.13 14:46:37 INFO  compiling task2 (1 scala source)[0m
2022.04.13 14:46:37 INFO  time: compiled task2 in 0.57s[0m
2022.04.13 14:46:46 INFO  compiling task2 (1 scala source)[0m
2022.04.13 14:46:46 INFO  time: compiled task2 in 0.62s[0m
2022.04.13 14:53:47 INFO  compiling task2 (1 scala source)[0m
2022.04.13 14:53:47 INFO  time: compiled task2 in 0.66s[0m
2022.04.13 14:54:40 INFO  compiling task2 (1 scala source)[0m
2022.04.13 14:54:40 INFO  time: compiled task2 in 0.64s[0m
2022.04.13 14:54:46 INFO  compiling task2 (1 scala source)[0m
2022.04.13 14:54:46 INFO  time: compiled task2 in 0.62s[0m
2022.04.13 14:57:39 INFO  compiling task2 (1 scala source)[0m
2022.04.13 14:57:39 INFO  time: compiled task2 in 0.61s[0m
2022.04.13 14:58:22 INFO  compiling task2 (1 scala source)[0m
2022.04.13 14:58:22 INFO  time: compiled task2 in 0.59s[0m
2022.04.13 15:01:04 INFO  compiling task2 (1 scala source)[0m
2022.04.13 15:01:04 WARN  Could not load snapshot text for /home/adeye/Documents/EPFL/MA2/Systems/Assignment/task2/src/main/scala/Task2.scala[0m
2022.04.13 15:01:04 WARN  Could not load snapshot text for /home/adeye/Documents/EPFL/MA2/Systems/Assignment/task2/src/main/scala/Task2.scala[0m
2022.04.13 15:01:04 INFO  time: compiled task2 in 0.58s[0m
2022.04.13 15:01:26 INFO  compiling task2 (1 scala source)[0m
2022.04.13 15:01:26 INFO  time: compiled task2 in 0.61s[0m
2022.04.13 15:02:26 INFO  compiling task2 (1 scala source)[0m
2022.04.13 15:02:26 INFO  time: compiled task2 in 0.54s[0m
2022.04.13 15:02:29 INFO  compiling task2 (1 scala source)[0m
2022.04.13 15:02:29 INFO  time: compiled task2 in 0.66s[0m
2022.04.13 15:02:57 INFO  compiling task2 (1 scala source)[0m
2022.04.13 15:02:57 INFO  time: compiled task2 in 0.58s[0m
2022.04.13 15:02:59 INFO  compiling task2 (1 scala source)[0m
2022.04.13 15:02:59 INFO  time: compiled task2 in 0.58s[0m
2022.04.13 21:30:33 INFO  tracing is disabled for protocol LSP, to enable tracing of incoming and outgoing JSON messages create an empty file at /home/adeye/Documents/EPFL/MA2/Systems/Assignment/task2/.metals/lsp.trace.json or /home/adeye/.cache/metals/lsp.trace.json[0m
2022.04.13 21:30:35 INFO  logging to file /home/adeye/Documents/EPFL/MA2/Systems/Assignment/task2/.metals/metals.log[0m
2022.04.13 21:30:35 INFO  Started: Metals version 0.11.2 in workspace '/home/adeye/Documents/EPFL/MA2/Systems/Assignment/task2' for client Visual Studio Code 1.66.2.[0m
2022.04.13 21:30:35 INFO  Parse release: 11.0.14.1[0m
2022.04.13 21:30:41 INFO  time: initialize in 6.4s[0m
2022.04.13 21:30:45 INFO  Attempting to connect to the build server...[0m
2022.04.13 21:30:45 INFO  skipping build import with status 'Requested'[0m
2022.04.13 21:30:52 INFO  tracing is disabled for protocol BSP, to enable tracing of incoming and outgoing JSON messages create an empty file at /home/adeye/Documents/EPFL/MA2/Systems/Assignment/task2/.metals/bsp.trace.json or /home/adeye/.cache/metals/bsp.trace.json[0m
2022.04.13 21:30:52 INFO  Attempting to connect to the build server...[0m
2022.04.13 21:30:52 INFO  tracing is disabled for protocol BSP, to enable tracing of incoming and outgoing JSON messages create an empty file at /home/adeye/Documents/EPFL/MA2/Systems/Assignment/task2/project/.metals/bsp.trace.json or /home/adeye/.cache/metals/bsp.trace.json[0m
2022.04.13 21:30:52 INFO  time: Connected to build server in 7.66s[0m
2022.04.13 21:30:52 INFO  Connected to Build server: Bloop v1.4.13[0m
2022.04.13 21:30:55 INFO  no build target found for /home/adeye/Documents/EPFL/MA2/Systems/Assignment/task2/src/main/scala/MyNode.scala. Using presentation compiler with project's scala-library version: 3.1.1[0m
2022.04.13 21:30:55 INFO  time: code lens generation in 5s[0m
2022.04.13 21:30:56 INFO  time: Imported build in 0.25s[0m
2022.04.13 21:30:57 INFO  no build target found for /home/adeye/Documents/EPFL/MA2/Systems/Assignment/task2/src/main/scala/MyNode.scala. Using presentation compiler with project's scala-library version: 3.1.1[0m
2022.04.13 21:31:00 INFO  time: code lens generation in 9.73s[0m
2022.04.13 21:31:03 WARN  Could not find java sources in /usr/lib/jvm/src.zip, /usr/lib/jvm/lib/src.zip, /usr/lib/jvm/java-11-openjdk-amd64/src.zip, /usr/lib/jvm/java-11-openjdk-amd64/lib/src.zip. Java symbols will not be available.[0m
2022.04.13 21:31:03 INFO  time: indexed workspace in 7.28s[0m
2022.04.13 21:38:27 INFO  compiling task2 (1 scala source)[0m
2022.04.13 21:38:34 INFO  time: compiled task2 in 7.72s[0m
2022.04.13 21:38:49 INFO  compiling task2 (1 scala source)[0m
2022.04.13 21:38:52 INFO  time: compiled task2 in 3.13s[0m
2022.04.13 21:39:11 INFO  compiling task2 (1 scala source)[0m
2022.04.13 21:39:13 INFO  time: compiled task2 in 1.98s[0m
2022.04.13 21:39:49 INFO  compiling task2 (1 scala source)[0m
2022.04.13 21:39:49 INFO  time: compiled task2 in 0.32s[0m
2022.04.13 21:39:56 INFO  compiling task2 (1 scala source)[0m
2022.04.13 21:39:58 INFO  time: compiled task2 in 1.94s[0m
2022.04.13 21:42:14 INFO  compiling task2 (1 scala source)[0m
2022.04.13 21:42:14 INFO  time: compiled task2 in 0.19s[0m
2022.04.13 21:42:24 INFO  compiling task2 (1 scala source)[0m
2022.04.13 21:42:24 INFO  time: compiled task2 in 0.13s[0m
2022.04.13 21:42:26 INFO  compiling task2 (1 scala source)[0m
2022.04.13 21:42:26 INFO  time: compiled task2 in 0.2s[0m
2022.04.13 21:43:29 INFO  compiling task2 (1 scala source)[0m
2022.04.13 21:43:31 INFO  time: compiled task2 in 2.02s[0m
2022.04.13 21:43:42 INFO  compiling task2 (1 scala source)[0m
2022.04.13 21:43:44 INFO  time: compiled task2 in 1.88s[0m
2022.04.13 21:44:29 INFO  compiling task2 (1 scala source)[0m
2022.04.13 21:44:31 INFO  time: compiled task2 in 1.71s[0m
2022.04.13 21:45:21 INFO  compiling task2 (1 scala source)[0m
2022.04.13 21:45:21 INFO  time: compiled task2 in 0.32s[0m
2022.04.13 21:45:28 INFO  compiling task2 (1 scala source)[0m
2022.04.13 21:45:28 INFO  time: compiled task2 in 0.14s[0m
2022.04.13 21:45:42 INFO  compiling task2 (1 scala source)[0m
2022.04.13 21:45:44 INFO  time: compiled task2 in 2.02s[0m
2022.04.13 21:47:37 INFO  compiling task2 (1 scala source)[0m
2022.04.13 21:47:39 INFO  time: compiled task2 in 1.82s[0m
2022.04.13 21:48:09 INFO  compiling task2 (1 scala source)[0m
2022.04.13 21:48:11 INFO  time: compiled task2 in 1.42s[0m
2022.04.13 21:49:18 INFO  compiling task2 (1 scala source)[0m
2022.04.13 21:49:20 INFO  time: compiled task2 in 1.84s[0m
Apr 13, 2022 9:51:42 PM org.eclipse.lsp4j.jsonrpc.RemoteEndpoint handleCancellation
WARNING: Unmatched cancel notification for request id 1383
2022.04.13 21:52:04 INFO  compiling task2 (1 scala source)[0m
2022.04.13 21:52:06 INFO  time: compiled task2 in 1.62s[0m
2022.04.13 21:53:21 INFO  compiling task2 (1 scala source)[0m
2022.04.13 21:53:22 INFO  time: compiled task2 in 1.52s[0m
2022.04.13 21:53:42 INFO  compiling task2 (1 scala source)[0m
2022.04.13 21:53:43 INFO  time: compiled task2 in 1.37s[0m
2022.04.13 21:53:51 INFO  compiling task2 (1 scala source)[0m
2022.04.13 21:53:52 INFO  time: compiled task2 in 1.37s[0m
Apr 13, 2022 9:55:46 PM org.eclipse.lsp4j.jsonrpc.RemoteEndpoint handleCancellation
WARNING: Unmatched cancel notification for request id 1586
2022.04.13 21:55:54 INFO  compiling task2 (1 scala source)[0m
2022.04.13 21:55:56 INFO  time: compiled task2 in 1.57s[0m
2022.04.13 21:56:12 INFO  compiling task2 (1 scala source)[0m
2022.04.13 21:56:14 INFO  time: compiled task2 in 2.1s[0m
2022.04.13 21:56:18 INFO  compiling task2 (1 scala source)[0m
2022.04.13 21:56:19 INFO  time: compiled task2 in 1.44s[0m
2022.04.13 22:01:03 INFO  shutting down Metals[0m
2022.04.13 22:01:03 INFO  Shut down connection with build server.[0m
2022.04.13 22:01:03 INFO  Shut down connection with build server.[0m
2022.04.13 22:10:40 INFO  tracing is disabled for protocol LSP, to enable tracing of incoming and outgoing JSON messages create an empty file at /home/adeye/Documents/EPFL/MA2/Systems/Assignment/task2/.metals/lsp.trace.json or /home/adeye/.cache/metals/lsp.trace.json[0m
2022.04.13 22:10:41 INFO  logging to file /home/adeye/Documents/EPFL/MA2/Systems/Assignment/task2/.metals/metals.log[0m
2022.04.13 22:10:41 INFO  Started: Metals version 0.11.2 in workspace '/home/adeye/Documents/EPFL/MA2/Systems/Assignment/task2' for client Visual Studio Code 1.66.2.[0m
2022.04.13 22:10:41 INFO  Parse release: 11.0.14.1[0m
2022.04.13 22:10:43 INFO  time: initialize in 2.55s[0m
2022.04.13 22:10:44 INFO  Attempting to connect to the build server...[0m
2022.04.13 22:10:44 INFO  skipping build import with status 'Requested'[0m
2022.04.13 22:10:44 INFO  tracing is disabled for protocol BSP, to enable tracing of incoming and outgoing JSON messages create an empty file at /home/adeye/Documents/EPFL/MA2/Systems/Assignment/task2/.metals/bsp.trace.json or /home/adeye/.cache/metals/bsp.trace.json[0m
2022.04.13 22:10:44 INFO  Attempting to connect to the build server...[0m
2022.04.13 22:10:44 INFO  tracing is disabled for protocol BSP, to enable tracing of incoming and outgoing JSON messages create an empty file at /home/adeye/Documents/EPFL/MA2/Systems/Assignment/task2/project/.metals/bsp.trace.json or /home/adeye/.cache/metals/bsp.trace.json[0m
2022.04.13 22:10:44 INFO  time: Connected to build server in 0.54s[0m
2022.04.13 22:10:44 INFO  Connected to Build server: Bloop v1.4.13[0m
2022.04.13 22:10:45 INFO  time: Imported build in 0.11s[0m
2022.04.13 22:10:50 WARN  Could not find java sources in /usr/lib/jvm/src.zip, /usr/lib/jvm/lib/src.zip, /usr/lib/jvm/java-11-openjdk-amd64/src.zip, /usr/lib/jvm/java-11-openjdk-amd64/lib/src.zip. Java symbols will not be available.[0m
2022.04.13 22:10:50 INFO  time: indexed workspace in 5.65s[0m
Apr 13, 2022 10:10:51 PM org.eclipse.lsp4j.jsonrpc.RemoteEndpoint handleCancellation
WARNING: Unmatched cancel notification for request id 6
2022.04.13 22:10:57 INFO  compiling task2 (1 scala source)[0m
2022.04.13 22:10:59 INFO  time: compiled task2 in 1.77s[0m
Apr 13, 2022 10:11:08 PM org.eclipse.lsp4j.jsonrpc.RemoteEndpoint handleCancellation
WARNING: Unmatched cancel notification for request id 33
2022.04.13 22:11:10 INFO  compiling task2 (1 scala source)[0m
2022.04.13 22:11:10 INFO  time: compiled task2 in 0.55s[0m
2022.04.13 22:11:13 INFO  compiling task2 (1 scala source)[0m
2022.04.13 22:11:13 INFO  time: compiled task2 in 0.87s[0m
2022.04.13 22:12:20 INFO  compiling task2 (1 scala source)[0m
2022.04.13 22:12:20 INFO  time: compiled task2 in 0.6s[0m
2022.04.13 22:12:51 INFO  compiling task2 (1 scala source)[0m
2022.04.13 22:12:51 INFO  time: compiled task2 in 0.55s[0m
2022.04.13 22:14:17 INFO  compiling task2 (1 scala source)[0m
2022.04.13 22:14:17 INFO  time: compiled task2 in 0.59s[0m
2022.04.13 22:15:05 INFO  compiling task2 (1 scala source)[0m
2022.04.13 22:15:05 INFO  time: compiled task2 in 0.59s[0m
2022.04.13 22:15:14 INFO  compiling task2 (1 scala source)[0m
2022.04.13 22:15:14 WARN  Could not load snapshot text for /home/adeye/Documents/EPFL/MA2/Systems/Assignment/task2/src/main/scala/Task2.scala[0m
2022.04.13 22:15:14 WARN  Could not load snapshot text for /home/adeye/Documents/EPFL/MA2/Systems/Assignment/task2/src/main/scala/Task2.scala[0m
Apr 13, 2022 10:15:14 PM scala.meta.internal.pc.CompilerAccess scala$meta$internal$pc$CompilerAccess$$retryWithCleanCompiler
INFO: compiler crashed due to an error in the Scala compiler, retrying with new compiler instance.
Apr 13, 2022 10:15:14 PM scala.meta.internal.pc.CompilerAccess scala$meta$internal$pc$CompilerAccess$$handleError
SEVERE: no context found for source-file:///home/adeye/Documents/EPFL/MA2/Systems/Assignment/task2/src/main/scala/Task2.scala,line-1,offset=10
scala.reflect.internal.FatalError: no context found for source-file:///home/adeye/Documents/EPFL/MA2/Systems/Assignment/task2/src/main/scala/Task2.scala,line-1,offset=10
	at scala.tools.nsc.interactive.CompilerControl$class.doLocateContext(CompilerControl.scala:91)
	at scala.tools.nsc.interactive.Global.doLocateContext(Global.scala:105)
	at scala.meta.internal.pc.PcDefinitionProvider.definitionTypedTreeAt(PcDefinitionProvider.scala:104)
	at scala.meta.internal.pc.PcDefinitionProvider.definition(PcDefinitionProvider.scala:25)

2022.04.13 22:15:14 INFO  time: compiled task2 in 0.66s[0m
2022.04.13 22:15:17 INFO  compiling task2 (1 scala source)[0m
Apr 13, 2022 10:15:17 PM scala.meta.internal.pc.CompilerAccess scala$meta$internal$pc$CompilerAccess$$retryWithCleanCompiler
INFO: compiler crashed due to an error in the Scala compiler, retrying with new compiler instance.
Apr 13, 2022 10:15:17 PM scala.meta.internal.pc.CompilerAccess scala$meta$internal$pc$CompilerAccess$$handleError
SEVERE: no context found for source-file:///home/adeye/Documents/EPFL/MA2/Systems/Assignment/task2/src/main/scala/Message.scala,line-1,offset=6
scala.reflect.internal.FatalError: no context found for source-file:///home/adeye/Documents/EPFL/MA2/Systems/Assignment/task2/src/main/scala/Message.scala,line-1,offset=6
	at scala.tools.nsc.interactive.CompilerControl$class.doLocateContext(CompilerControl.scala:91)
	at scala.tools.nsc.interactive.Global.doLocateContext(Global.scala:105)
	at scala.meta.internal.pc.PcDefinitionProvider.definitionTypedTreeAt(PcDefinitionProvider.scala:104)
	at scala.meta.internal.pc.PcDefinitionProvider.definition(PcDefinitionProvider.scala:25)

2022.04.13 22:15:17 INFO  time: compiled task2 in 0.36s[0m
2022.04.13 22:15:20 INFO  compiling task2 (1 scala source)[0m
Apr 13, 2022 10:15:20 PM scala.meta.internal.pc.CompilerAccess scala$meta$internal$pc$CompilerAccess$$retryWithCleanCompiler
INFO: compiler crashed due to an error in the Scala compiler, retrying with new compiler instance.
Apr 13, 2022 10:15:20 PM scala.meta.internal.pc.CompilerAccess scala$meta$internal$pc$CompilerAccess$$handleError
SEVERE: no context found for source-file:///home/adeye/Documents/EPFL/MA2/Systems/Assignment/task2/src/main/scala/Router.scala,line-1,offset=7
scala.reflect.internal.FatalError: no context found for source-file:///home/adeye/Documents/EPFL/MA2/Systems/Assignment/task2/src/main/scala/Router.scala,line-1,offset=7
	at scala.tools.nsc.interactive.CompilerControl$class.doLocateContext(CompilerControl.scala:91)
	at scala.tools.nsc.interactive.Global.doLocateContext(Global.scala:105)
	at scala.meta.internal.pc.PcDefinitionProvider.definitionTypedTreeAt(PcDefinitionProvider.scala:104)
	at scala.meta.internal.pc.PcDefinitionProvider.definition(PcDefinitionProvider.scala:25)

2022.04.13 22:15:20 INFO  time: compiled task2 in 0.5s[0m
2022.04.13 22:15:25 INFO  compiling task2 (1 scala source)[0m
2022.04.13 22:15:25 INFO  time: compiled task2 in 0.54s[0m
2022.04.14 12:28:54 WARN  no build target for: /home/adeye/Downloads/CorrectnessTests.scala[0m
2022.04.14 12:28:56 INFO  time: code lens generation in 1.43s[0m
2022.04.14 12:28:56 INFO  time: code lens generation in 1.47s[0m
2022.04.14 13:14:37 INFO  compiling task2 (1 scala source)[0m
2022.04.14 13:14:37 INFO  Deduplicating compilation of task2 from bsp client 'Metals 0.11.2' (since 15h 3m 53.103s)[0m
2022.04.14 13:14:37 INFO  compiling task2 (1 scala source)[0m
2022.04.14 13:14:38 INFO  time: compiled task2 in 0.79s[0m
2022.04.14 13:16:52 INFO  compiling task2 (1 scala source)[0m
2022.04.14 13:16:53 INFO  time: compiled task2 in 1.05s[0m
2022.04.14 13:16:58 INFO  compiling task2 (1 scala source)[0m
2022.04.14 13:16:59 INFO  time: compiled task2 in 1.35s[0m
2022.04.14 13:19:41 INFO  compiling task2 (1 scala source)[0m
2022.04.14 13:19:41 INFO  time: compiled task2 in 0.81s[0m
2022.04.14 13:23:32 INFO  compiling task2 (1 scala source)[0m
2022.04.14 13:23:32 INFO  time: compiled task2 in 0.72s[0m
Apr 14, 2022 1:28:41 PM org.eclipse.lsp4j.jsonrpc.RemoteEndpoint handleCancellation
WARNING: Unmatched cancel notification for request id 456
2022.04.14 13:29:28 INFO  compiling task2 (1 scala source)[0m
2022.04.14 13:29:28 INFO  time: compiled task2 in 0.11s[0m
2022.04.14 13:30:59 INFO  compiling task2 (2 scala sources)[0m
2022.04.14 13:30:59 INFO  time: compiled task2 in 79ms[0m
2022.04.14 13:31:17 INFO  compiling task2 (2 scala sources)[0m
2022.04.14 13:31:17 INFO  time: compiled task2 in 75ms[0m
2022.04.14 13:31:58 INFO  compiling task2 (2 scala sources)[0m
2022.04.14 13:31:59 INFO  time: compiled task2 in 1.11s[0m
2022.04.14 13:33:58 INFO  compiling task2 (1 scala source)[0m
2022.04.14 13:33:58 INFO  time: compiled task2 in 0.85s[0m
2022.04.14 14:29:01 INFO  shutting down Metals[0m
2022.04.14 14:29:01 INFO  Shut down connection with build server.[0m
2022.04.14 14:29:01 INFO  Shut down connection with build server.[0m
Apr 14, 2022 2:29:01 PM org.eclipse.lsp4j.jsonrpc.json.StreamMessageProducer fireStreamClosed
INFO: The input stream was closed.
java.nio.channels.ClosedByInterruptException
	at java.base/java.nio.channels.spi.AbstractInterruptibleChannel.end(AbstractInterruptibleChannel.java:199)
	at java.base/sun.nio.ch.SourceChannelImpl.endRead(SourceChannelImpl.java:241)
	at java.base/sun.nio.ch.SourceChannelImpl.read(SourceChannelImpl.java:259)
	at java.base/sun.nio.ch.ChannelInputStream.read(ChannelInputStream.java:59)
	at java.base/sun.nio.ch.ChannelInputStream.read(ChannelInputStream.java:107)
	at java.base/sun.nio.ch.ChannelInputStream.read(ChannelInputStream.java:101)
	at java.base/java.io.InputStream.read(InputStream.java:205)
	at java.base/sun.nio.ch.ChannelInputStream.read(ChannelInputStream.java:81)
	at org.eclipse.lsp4j.jsonrpc.json.StreamMessageProducer.listen(StreamMessageProducer.java:79)
	at org.eclipse.lsp4j.jsonrpc.json.ConcurrentMessageProcessor.run(ConcurrentMessageProcessor.java:113)
	at java.base/java.util.concurrent.Executors$RunnableAdapter.call(Executors.java:515)
	at java.base/java.util.concurrent.FutureTask.run(FutureTask.java:264)
	at java.base/java.util.concurrent.ThreadPoolExecutor.runWorker(ThreadPoolExecutor.java:1128)
	at java.base/java.util.concurrent.ThreadPoolExecutor$Worker.run(ThreadPoolExecutor.java:628)
	at java.base/java.lang.Thread.run(Thread.java:829)

Apr 14, 2022 2:29:01 PM org.eclipse.lsp4j.jsonrpc.json.StreamMessageProducer fireStreamClosed
INFO: The input stream was closed.
java.nio.channels.ClosedByInterruptException
	at java.base/java.nio.channels.spi.AbstractInterruptibleChannel.end(AbstractInterruptibleChannel.java:199)
	at java.base/sun.nio.ch.SourceChannelImpl.endRead(SourceChannelImpl.java:241)
	at java.base/sun.nio.ch.SourceChannelImpl.read(SourceChannelImpl.java:259)
	at java.base/sun.nio.ch.ChannelInputStream.read(ChannelInputStream.java:59)
	at java.base/sun.nio.ch.ChannelInputStream.read(ChannelInputStream.java:107)
	at java.base/sun.nio.ch.ChannelInputStream.read(ChannelInputStream.java:101)
	at java.base/java.io.InputStream.read(InputStream.java:205)
	at java.base/sun.nio.ch.ChannelInputStream.read(ChannelInputStream.java:81)
	at org.eclipse.lsp4j.jsonrpc.json.StreamMessageProducer.listen(StreamMessageProducer.java:79)
	at org.eclipse.lsp4j.jsonrpc.json.ConcurrentMessageProcessor.run(ConcurrentMessageProcessor.java:113)
	at java.base/java.util.concurrent.Executors$RunnableAdapter.call(Executors.java:515)
	at java.base/java.util.concurrent.FutureTask.run(FutureTask.java:264)
	at java.base/java.util.concurrent.ThreadPoolExecutor.runWorker(ThreadPoolExecutor.java:1128)
	at java.base/java.util.concurrent.ThreadPoolExecutor$Worker.run(ThreadPoolExecutor.java:628)
	at java.base/java.lang.Thread.run(Thread.java:829)

2022.04.14 20:00:12 INFO  tracing is disabled for protocol LSP, to enable tracing of incoming and outgoing JSON messages create an empty file at /home/adeye/Documents/EPFL/MA2/Systems/Assignment/task2/.metals/lsp.trace.json or /home/adeye/.cache/metals/lsp.trace.json[0m
2022.04.14 20:00:13 INFO  logging to file /home/adeye/Documents/EPFL/MA2/Systems/Assignment/task2/.metals/metals.log[0m
2022.04.14 20:00:13 INFO  Started: Metals version 0.11.2 in workspace '/home/adeye/Documents/EPFL/MA2/Systems/Assignment/task2' for client Visual Studio Code 1.66.2.[0m
2022.04.14 20:00:13 INFO  Parse release: 11.0.14.1[0m
2022.04.14 20:00:18 INFO  time: initialize in 4.58s[0m
2022.04.14 20:00:19 INFO  Attempting to connect to the build server...[0m
2022.04.14 20:00:19 INFO  skipping build import with status 'Requested'[0m
2022.04.14 20:00:19 INFO  tracing is disabled for protocol BSP, to enable tracing of incoming and outgoing JSON messages create an empty file at /home/adeye/Documents/EPFL/MA2/Systems/Assignment/task2/.metals/bsp.trace.json or /home/adeye/.cache/metals/bsp.trace.json[0m
2022.04.14 20:00:19 INFO  Attempting to connect to the build server...[0m
2022.04.14 20:00:19 INFO  tracing is disabled for protocol BSP, to enable tracing of incoming and outgoing JSON messages create an empty file at /home/adeye/Documents/EPFL/MA2/Systems/Assignment/task2/project/.metals/bsp.trace.json or /home/adeye/.cache/metals/bsp.trace.json[0m
2022.04.14 20:00:19 INFO  time: Connected to build server in 0.59s[0m
2022.04.14 20:00:19 INFO  Connected to Build server: Bloop v1.4.13[0m
2022.04.14 20:00:20 INFO  time: Imported build in 0.12s[0m
2022.04.14 20:00:27 WARN  Could not find java sources in /usr/lib/jvm/src.zip, /usr/lib/jvm/lib/src.zip, /usr/lib/jvm/java-11-openjdk-amd64/src.zip, /usr/lib/jvm/java-11-openjdk-amd64/lib/src.zip. Java symbols will not be available.[0m
2022.04.14 20:00:27 INFO  time: indexed workspace in 7.69s[0m
2022.04.14 20:01:12 INFO  compiling task2 (1 scala source)[0m
2022.04.14 20:01:15 INFO  time: compiled task2 in 2.4s[0m
2022.04.14 20:03:01 INFO  compiling task2 (1 scala source)[0m
2022.04.14 20:03:03 INFO  time: compiled task2 in 2.27s[0m
2022.04.14 20:03:03 INFO  compiling task2 (1 scala source)[0m
2022.04.14 20:03:06 INFO  time: compiled task2 in 2.6s[0m
2022.04.14 20:03:08 INFO  compiling task2 (1 scala source)[0m
2022.04.14 20:03:10 INFO  time: compiled task2 in 2.12s[0m
2022.04.14 20:03:10 INFO  compiling task2 (1 scala source)[0m
2022.04.14 20:03:13 INFO  time: compiled task2 in 2.23s[0m
2022.04.14 20:03:36 INFO  shutting down Metals[0m
2022.04.14 20:03:36 INFO  Shut down connection with build server.[0m
2022.04.14 20:03:36 INFO  Shut down connection with build server.[0m
2022.04.14 20:58:09 INFO  tracing is disabled for protocol LSP, to enable tracing of incoming and outgoing JSON messages create an empty file at /home/adeye/Documents/EPFL/MA2/Systems/Assignment/task2/.metals/lsp.trace.json or /home/adeye/.cache/metals/lsp.trace.json[0m
2022.04.14 20:58:09 INFO  logging to file /home/adeye/Documents/EPFL/MA2/Systems/Assignment/task2/.metals/metals.log[0m
2022.04.14 20:58:09 INFO  Started: Metals version 0.11.2 in workspace '/home/adeye/Documents/EPFL/MA2/Systems/Assignment/task2' for client Visual Studio Code 1.66.2.[0m
2022.04.14 20:58:09 INFO  Parse release: 11.0.14.1[0m
2022.04.14 20:58:11 INFO  time: initialize in 1.74s[0m
2022.04.14 20:58:11 INFO  Attempting to connect to the build server...[0m
2022.04.14 20:58:11 INFO  skipping build import with status 'Requested'[0m
2022.04.14 20:58:11 INFO  tracing is disabled for protocol BSP, to enable tracing of incoming and outgoing JSON messages create an empty file at /home/adeye/Documents/EPFL/MA2/Systems/Assignment/task2/.metals/bsp.trace.json or /home/adeye/.cache/metals/bsp.trace.json[0m
2022.04.14 20:58:11 INFO  Attempting to connect to the build server...[0m
2022.04.14 20:58:11 INFO  tracing is disabled for protocol BSP, to enable tracing of incoming and outgoing JSON messages create an empty file at /home/adeye/Documents/EPFL/MA2/Systems/Assignment/task2/project/.metals/bsp.trace.json or /home/adeye/.cache/metals/bsp.trace.json[0m
2022.04.14 20:58:11 INFO  time: Connected to build server in 0.26s[0m
2022.04.14 20:58:11 INFO  Connected to Build server: Bloop v1.4.13[0m
2022.04.14 20:58:14 WARN  Could not find java sources in /usr/lib/jvm/src.zip, /usr/lib/jvm/lib/src.zip, /usr/lib/jvm/java-11-openjdk-amd64/src.zip, /usr/lib/jvm/java-11-openjdk-amd64/lib/src.zip. Java symbols will not be available.[0m
2022.04.14 20:58:14 INFO  time: indexed workspace in 2.66s[0m
2022.04.14 21:05:50 INFO  compiling task2 (1 scala source)[0m
2022.04.14 21:05:50 INFO  time: compiled task2 in 0.74s[0m
2022.04.14 21:08:11 INFO  compiling task2 (1 scala source)[0m
2022.04.14 21:08:11 INFO  time: compiled task2 in 0.78s[0m
2022.04.14 21:09:19 INFO  compiling task2 (1 scala source)[0m
2022.04.14 21:09:19 INFO  time: compiled task2 in 0.73s[0m
2022.04.14 21:19:28 INFO  shutting down Metals[0m
2022.04.14 21:19:28 INFO  Shut down connection with build server.[0m
2022.04.14 21:19:28 INFO  Shut down connection with build server.[0m
2022.04.14 21:20:07 INFO  tracing is disabled for protocol LSP, to enable tracing of incoming and outgoing JSON messages create an empty file at /home/adeye/Documents/EPFL/MA2/Systems/Assignment/task2/.metals/lsp.trace.json or /home/adeye/.cache/metals/lsp.trace.json[0m
2022.04.14 21:20:08 INFO  logging to file /home/adeye/Documents/EPFL/MA2/Systems/Assignment/task2/.metals/metals.log[0m
2022.04.14 21:20:08 INFO  Started: Metals version 0.11.2 in workspace '/home/adeye/Documents/EPFL/MA2/Systems/Assignment/task2' for client Visual Studio Code 1.66.2.[0m
2022.04.14 21:20:08 INFO  Parse release: 11.0.14.1[0m
2022.04.14 21:20:13 INFO  time: initialize in 4.49s[0m
2022.04.14 21:20:15 INFO  Attempting to connect to the build server...[0m
2022.04.14 21:20:15 INFO  skipping build import with status 'Requested'[0m
2022.04.14 21:20:15 INFO  tracing is disabled for protocol BSP, to enable tracing of incoming and outgoing JSON messages create an empty file at /home/adeye/Documents/EPFL/MA2/Systems/Assignment/task2/.metals/bsp.trace.json or /home/adeye/.cache/metals/bsp.trace.json[0m
2022.04.14 21:20:15 INFO  Attempting to connect to the build server...[0m
2022.04.14 21:20:15 INFO  tracing is disabled for protocol BSP, to enable tracing of incoming and outgoing JSON messages create an empty file at /home/adeye/Documents/EPFL/MA2/Systems/Assignment/task2/project/.metals/bsp.trace.json or /home/adeye/.cache/metals/bsp.trace.json[0m
2022.04.14 21:20:16 INFO  time: Connected to build server in 1.34s[0m
2022.04.14 21:20:16 INFO  Connected to Build server: Bloop v1.4.13[0m
2022.04.14 21:20:16 INFO  time: Imported build in 0.2s[0m
2022.04.14 21:20:25 WARN  Could not find java sources in /usr/lib/jvm/src.zip, /usr/lib/jvm/lib/src.zip, /usr/lib/jvm/java-11-openjdk-amd64/src.zip, /usr/lib/jvm/java-11-openjdk-amd64/lib/src.zip. Java symbols will not be available.[0m
2022.04.14 21:20:26 INFO  time: indexed workspace in 10s[0m
2022.04.14 21:20:47 INFO  compiling task2 (1 scala source)[0m
2022.04.14 21:20:49 INFO  time: compiled task2 in 1.82s[0m
2022.04.14 21:23:10 INFO  compiling task2 (1 scala source)[0m
2022.04.14 21:23:12 INFO  time: compiled task2 in 2.3s[0m
2022.04.14 21:24:35 WARN  no build target for: /home/adeye/Documents/EPFL/MA2/Systems/Assignment/task2/Task2.scala[0m
2022.04.14 21:24:36 INFO  time: code lens generation in 1.18s[0m
2022.04.14 21:24:36 INFO  time: code lens generation in 1.18s[0m
2022.04.14 21:24:38 WARN  no build target for: /home/adeye/Documents/EPFL/MA2/Systems/Assignment/task2/Task2.scala[0m
2022.04.14 21:24:38 INFO  skipping build import with status 'Requested'[0m
2022.04.14 21:25:08 INFO  compiling task2 (1 scala source)[0m
2022.04.14 21:25:08 INFO  time: compiled task2 in 0.38s[0m
2022.04.14 21:25:16 WARN  no build target for: /home/adeye/Documents/EPFL/MA2/Systems/Assignment/task2/Task2.scala[0m
2022.04.14 21:25:16 INFO  skipping build import with status 'Requested'[0m
2022.04.14 21:25:51 INFO  compiling task2 (1 scala source)[0m
2022.04.14 21:25:53 INFO  time: compiled task2 in 1.73s[0m
Apr 14, 2022 9:25:58 PM org.eclipse.lsp4j.jsonrpc.RemoteEndpoint handleCancellation
WARNING: Unmatched cancel notification for request id 137
2022.04.14 21:26:23 INFO  compiling task2 (1 scala source)[0m
2022.04.14 21:26:25 INFO  time: compiled task2 in 1.48s[0m
2022.04.14 21:28:44 INFO  compiling task2 (1 scala source)[0m
2022.04.14 21:28:45 INFO  time: compiled task2 in 1.55s[0m
2022.04.14 21:30:19 INFO  compiling task2 (1 scala source)[0m
2022.04.14 21:30:20 INFO  time: compiled task2 in 1.41s[0m
Apr 14, 2022 9:30:27 PM org.eclipse.lsp4j.jsonrpc.RemoteEndpoint handleCancellation
WARNING: Unmatched cancel notification for request id 247
2022.04.14 21:30:51 INFO  compiling task2 (1 scala source)[0m
2022.04.14 21:30:52 INFO  time: compiled task2 in 1.36s[0m
2022.04.14 21:31:46 INFO  compiling task2 (1 scala source)[0m
2022.04.14 21:31:47 INFO  time: compiled task2 in 1.13s[0m
2022.04.14 21:31:59 INFO  compiling task2 (1 scala source)[0m
2022.04.14 21:32:01 INFO  time: compiled task2 in 1.7s[0m
2022.04.14 21:33:07 INFO  compiling task2 (1 scala source)[0m
2022.04.14 21:33:09 INFO  time: compiled task2 in 1.56s[0m
2022.04.14 21:33:47 INFO  compiling task2 (1 scala source)[0m
2022.04.14 21:33:49 INFO  time: compiled task2 in 1.49s[0m
2022.04.14 21:33:50 INFO  compiling task2 (2 scala sources)[0m
2022.04.14 21:33:50 INFO  time: compiled task2 in 0.25s[0m
2022.04.14 21:33:54 INFO  compiling task2 (2 scala sources)[0m
2022.04.14 21:33:55 INFO  time: compiled task2 in 1.5s[0m
2022.04.14 21:35:19 INFO  compiling task2 (1 scala source)[0m
2022.04.14 21:35:20 INFO  time: compiled task2 in 1.19s[0m
2022.04.14 21:35:22 INFO  compiling task2 (1 scala source)[0m
2022.04.14 21:35:22 INFO  time: compiled task2 in 0.49s[0m
2022.04.14 21:35:26 INFO  compiling task2 (1 scala source)[0m
2022.04.14 21:35:27 INFO  time: compiled task2 in 1.26s[0m
2022.04.14 21:36:41 INFO  compiling task2 (1 scala source)[0m
2022.04.14 21:36:42 INFO  time: compiled task2 in 1.3s[0m
